\BOOKMARK [1][-]{section.1}{January 9, 2016}{}% 1
\BOOKMARK [2][-]{subsection.1.1}{Vector Algebra Review}{section.1}% 2
\BOOKMARK [1][-]{section.2}{January 11, 2016}{}% 3
\BOOKMARK [2][-]{subsection.2.1}{Newton's Laws of Motion}{section.2}% 4
\BOOKMARK [1][-]{section.3}{January 13, 2016}{}% 5
\BOOKMARK [2][-]{subsection.3.1}{Forces}{section.3}% 6
\BOOKMARK [1][-]{section.4}{January 16, 2016}{}% 7
\BOOKMARK [2][-]{subsection.4.1}{Cross Product}{section.4}% 8
\BOOKMARK [2][-]{subsection.4.2}{Moment}{section.4}% 9
\BOOKMARK [1][-]{section.5}{January 18, 2016}{}% 10
\BOOKMARK [2][-]{subsection.5.1}{Moment Examples}{section.5}% 11
\BOOKMARK [1][-]{section.6}{January 20, 2016}{}% 12
\BOOKMARK [2][-]{subsection.6.1}{Moment Examples Cont'd}{section.6}% 13
\BOOKMARK [1][-]{section.7}{January 23, 2016}{}% 14
\BOOKMARK [2][-]{subsection.7.1}{Summary}{section.7}% 15
\BOOKMARK [2][-]{subsection.7.2}{Force Couple System}{section.7}% 16
\BOOKMARK [1][-]{section.8}{January 25, 2016}{}% 17
\BOOKMARK [2][-]{subsection.8.1}{Reduction of Arbitrary Force System to a Point}{section.8}% 18
\BOOKMARK [1][-]{section.9}{January 27, 2017}{}% 19
\BOOKMARK [2][-]{subsection.9.1}{Force Couple Systems Cont'd}{section.9}% 20
\BOOKMARK [2][-]{subsection.9.2}{Equilibrium}{section.9}% 21
\BOOKMARK [1][-]{section.10}{January 30, 2016}{}% 22
\BOOKMARK [2][-]{subsection.10.1}{Equilibrium in Two Dimensions}{section.10}% 23
\BOOKMARK [1][-]{section.11}{February, 1, 2017}{}% 24
\BOOKMARK [2][-]{subsection.11.1}{Two-Force Members}{section.11}% 25
\BOOKMARK [2][-]{subsection.11.2}{Three-Force Members}{section.11}% 26
\BOOKMARK [1][-]{section.12}{February 3, 2017}{}% 27
\BOOKMARK [2][-]{subsection.12.1}{Three-Force Members Cont'd}{section.12}% 28
\BOOKMARK [2][-]{subsection.12.2}{Linear Algebra}{section.12}% 29
